2024-09-24 15:44:17.277 | DEBUG    | __main__:<module>:20 - Python path: ['/Users/joppemontezinos/PycharmProjects/school/My_code', '/Users/joppemontezinos/.rye/py/cpython@3.11.9/lib/python311.zip', '/Users/joppemontezinos/.rye/py/cpython@3.11.9/lib/python3.11', '/Users/joppemontezinos/.rye/py/cpython@3.11.9/lib/python3.11/lib-dynload', '/Users/joppemontezinos/PycharmProjects/school/My_code/myenv/lib/python3.11/site-packages', '/Users/joppemontezinos/PycharmProjects/school/My_code/src', '../../src/wa_cleaner']
2024-09-24 15:44:17.278 | INFO     | __main__:main:85 - Using Android regexes
2024-09-24 15:44:17.494 | INFO     | __main__:process:71 - Found 58294 records
2024-09-24 15:44:30.719 | DEBUG    | wa_cleaner.preprocess:<module>:20 - Python path: ['/Users/joppemontezinos/PycharmProjects/school/My_code/myenv/bin', '/Users/joppemontezinos/.rye/py/cpython@3.11.9/lib/python311.zip', '/Users/joppemontezinos/.rye/py/cpython@3.11.9/lib/python3.11', '/Users/joppemontezinos/.rye/py/cpython@3.11.9/lib/python3.11/lib-dynload', '/Users/joppemontezinos/PycharmProjects/school/My_code/myenv/lib/python3.11/site-packages', '/Users/joppemontezinos/PycharmProjects/school/My_code/src', '../../src/wa_cleaner']
2024-09-24 15:44:30.719 | INFO     | wa_cleaner.preprocess:main:79 - Using iOS regexes
2024-09-24 15:44:30.919 | INFO     | wa_cleaner.preprocess:process:71 - Found 58294 records
2024-09-24 15:44:30.934 | INFO     | wa_cleaner.preprocess:save:36 - Writing to data/processed/whatsapp-20240924-154430.csv
2024-09-24 15:44:31.008 | SUCCESS  | wa_cleaner.preprocess:save:38 - Done!
2024-09-24 15:48:37.553 | DEBUG    | wa_cleaner.preprocess:<module>:20 - Python path: ['/Users/joppemontezinos/PycharmProjects/school/My_code/myenv/bin', '/Users/joppemontezinos/.rye/py/cpython@3.11.9/lib/python311.zip', '/Users/joppemontezinos/.rye/py/cpython@3.11.9/lib/python3.11', '/Users/joppemontezinos/.rye/py/cpython@3.11.9/lib/python3.11/lib-dynload', '/Users/joppemontezinos/PycharmProjects/school/My_code/myenv/lib/python3.11/site-packages', '/Users/joppemontezinos/PycharmProjects/school/My_code/src', '../../src/wa_cleaner']
2024-09-24 15:48:37.554 | INFO     | wa_cleaner.preprocess:main:79 - Using iOS regexes
2024-09-24 15:48:37.752 | INFO     | wa_cleaner.preprocess:process:71 - Found 58294 records
2024-09-24 15:48:37.772 | INFO     | wa_cleaner.preprocess:save:36 - Writing to data/processed/whatsapp-20240924-154837.csv
2024-09-24 15:48:37.859 | SUCCESS  | wa_cleaner.preprocess:save:38 - Done!
2024-09-24 16:41:38.663 | DEBUG    | wa_cleaner.preprocess:<module>:20 - Python path: ['/Users/joppemontezinos/PycharmProjects/school/My_code/myenv/bin', '/Users/joppemontezinos/.rye/py/cpython@3.11.9/lib/python311.zip', '/Users/joppemontezinos/.rye/py/cpython@3.11.9/lib/python3.11', '/Users/joppemontezinos/.rye/py/cpython@3.11.9/lib/python3.11/lib-dynload', '/Users/joppemontezinos/PycharmProjects/school/My_code/myenv/lib/python3.11/site-packages', '/Users/joppemontezinos/PycharmProjects/school/My_code/src', '../../src/wa_cleaner']
2024-09-24 16:41:38.663 | INFO     | wa_cleaner.preprocess:main:79 - Using iOS regexes
2024-09-24 16:41:38.663 | ERROR    | wa_cleaner.preprocess:main:95 - File data/raw/_chat.txt not found
2024-09-24 16:43:06.446 | DEBUG    | wa_cleaner.preprocess:<module>:20 - Python path: ['/Users/joppemontezinos/PycharmProjects/school/My_code/myenv/bin', '/Users/joppemontezinos/.rye/py/cpython@3.11.9/lib/python311.zip', '/Users/joppemontezinos/.rye/py/cpython@3.11.9/lib/python3.11', '/Users/joppemontezinos/.rye/py/cpython@3.11.9/lib/python3.11/lib-dynload', '/Users/joppemontezinos/PycharmProjects/school/My_code/myenv/lib/python3.11/site-packages', '/Users/joppemontezinos/PycharmProjects/school/My_code/src', '../../src/wa_cleaner']
2024-09-24 16:43:06.446 | INFO     | wa_cleaner.preprocess:main:79 - Using iOS regexes
2024-09-24 16:43:06.643 | INFO     | wa_cleaner.preprocess:process:71 - Found 58294 records
2024-09-24 16:43:06.660 | INFO     | wa_cleaner.preprocess:save:36 - Writing to data/processed/whatsapp-20240924-164306.csv
2024-09-24 16:43:06.745 | SUCCESS  | wa_cleaner.preprocess:save:38 - Done!
2024-09-30 20:10:19.183 | DEBUG    | wa_cleaner.preprocess:<module>:20 - Python path: ['/Users/joppemontezinos/Documents/school/lesson_1/myenv/bin', '/Users/joppemontezinos/.pyenv/versions/3.12.0/lib/python312.zip', '/Users/joppemontezinos/.pyenv/versions/3.12.0/lib/python3.12', '/Users/joppemontezinos/.pyenv/versions/3.12.0/lib/python3.12/lib-dynload', '/Users/joppemontezinos/Documents/school/lesson_1/myenv/lib/python3.12/site-packages', '/Users/joppemontezinos/Documents/school/lesson_1/src', '../../src/wa_cleaner']
2024-09-30 20:10:19.184 | INFO     | wa_cleaner.preprocess:main:85 - Using Android regexes
2024-09-30 20:10:19.509 | INFO     | wa_cleaner.preprocess:process:71 - Found 61360 records
2024-09-30 20:10:19.529 | INFO     | wa_cleaner.preprocess:save:36 - Writing to data/processed/whatsapp-20240930-201019.csv
2024-09-30 20:10:19.639 | SUCCESS  | wa_cleaner.preprocess:save:38 - Done!
2024-09-30 20:10:54.350 | DEBUG    | wa_cleaner.preprocess:<module>:20 - Python path: ['/Users/joppemontezinos/Documents/school/lesson_1/myenv/bin', '/Users/joppemontezinos/.pyenv/versions/3.12.0/lib/python312.zip', '/Users/joppemontezinos/.pyenv/versions/3.12.0/lib/python3.12', '/Users/joppemontezinos/.pyenv/versions/3.12.0/lib/python3.12/lib-dynload', '/Users/joppemontezinos/Documents/school/lesson_1/myenv/lib/python3.12/site-packages', '/Users/joppemontezinos/Documents/school/lesson_1/src', '../../src/wa_cleaner']
2024-09-30 20:10:54.351 | INFO     | wa_cleaner.preprocess:main:85 - Using Android regexes
2024-09-30 20:10:54.678 | INFO     | wa_cleaner.preprocess:process:71 - Found 61360 records
2024-09-30 20:10:54.699 | INFO     | wa_cleaner.preprocess:save:36 - Writing to data/processed/whatsapp-20240930-201054.csv
2024-09-30 20:10:54.810 | SUCCESS  | wa_cleaner.preprocess:save:38 - Done!
2024-10-01 18:12:11.106 | DEBUG    | wa_cleaner.preprocess:<module>:20 - Python path: ['/Users/joppemontezinos/Documents/school/lesson_1/myenv/bin', '/Users/joppemontezinos/.pyenv/versions/3.12.0/lib/python312.zip', '/Users/joppemontezinos/.pyenv/versions/3.12.0/lib/python3.12', '/Users/joppemontezinos/.pyenv/versions/3.12.0/lib/python3.12/lib-dynload', '/Users/joppemontezinos/Documents/school/lesson_1/myenv/lib/python3.12/site-packages', '/Users/joppemontezinos/Documents/school/lesson_1/src', '../../src/wa_cleaner']
2024-10-01 18:12:11.106 | INFO     | wa_cleaner.preprocess:main:85 - Using Android regexes
2024-10-01 18:12:11.395 | INFO     | wa_cleaner.preprocess:process:71 - Found 61360 records
2024-10-01 18:12:11.416 | INFO     | wa_cleaner.preprocess:save:36 - Writing to data/processed/whatsapp-20241001-181211.csv
2024-10-01 18:12:11.525 | SUCCESS  | wa_cleaner.preprocess:save:38 - Done!
